<?xml version="1.0" encoding="UTF-8"?>
<testng-results ignored="0" total="1" passed="1" failed="0" skipped="0">
  <reporter-output>
  </reporter-output>
  <suite started-at="2025-07-11T00:25:34 IST" name="ECAP Suite" finished-at="2025-07-11T00:25:40 IST" duration-ms="5633">
    <groups>
    </groups>
    <test started-at="2025-07-11T00:25:34 IST" name="Search Test" finished-at="2025-07-11T00:25:40 IST" duration-ms="5633">
      <class name="com.seleniums.tests.selenium.EcapSearchTest">
        <test-method is-config="true" signature="setup()[pri:0, instance:com.seleniums.tests.selenium.EcapSearchTest@2d901eb0]" started-at="2025-07-11T00:25:34 IST" name="setup" finished-at="2025-07-11T00:25:38 IST" duration-ms="3284" status="PASS">
          <reporter-output>
          </reporter-output>
        </test-method> <!-- setup -->
        <test-method signature="testEcap()[pri:0, instance:com.seleniums.tests.selenium.EcapSearchTest@2d901eb0]" started-at="2025-07-11T00:25:38 IST" name="testEcap" description="Login to ECAP portal with valid credentials" finished-at="2025-07-11T00:25:40 IST" duration-ms="2149" status="PASS">
          <reporter-output>
          </reporter-output>
        </test-method> <!-- testEcap -->
      </class> <!-- com.seleniums.tests.selenium.EcapSearchTest -->
    </test> <!-- Search Test -->
  </suite> <!-- ECAP Suite -->
</testng-results>
