<?xml version="1.0" encoding="UTF-8"?>
<testng-results ignored="0" total="1" passed="1" failed="0" skipped="0">
  <reporter-output>
  </reporter-output>
  <suite started-at="2025-07-11T12:08:20 IST" name="Default suite" finished-at="2025-07-11T12:08:30 IST" duration-ms="10507">
    <groups>
    </groups>
    <test started-at="2025-07-11T12:08:20 IST" name="Default test" finished-at="2025-07-11T12:08:30 IST" duration-ms="10507">
      <class name="com.seleniums.tests.selenium.EcapSearchTest">
        <test-method is-config="true" signature="setup()[pri:0, instance:com.seleniums.tests.selenium.EcapSearchTest@5c7bfdc1]" started-at="2025-07-11T12:08:20 IST" name="setup" finished-at="2025-07-11T12:08:23 IST" duration-ms="3315" status="PASS">
          <reporter-output>
          </reporter-output>
        </test-method> <!-- setup -->
        <test-method signature="testEcap()[pri:0, instance:com.seleniums.tests.selenium.EcapSearchTest@5c7bfdc1]" started-at="2025-07-11T12:08:23 IST" name="testEcap" description="Login to ECAP portal with valid credentials" finished-at="2025-07-11T12:08:30 IST" duration-ms="6894" status="PASS">
          <reporter-output>
          </reporter-output>
        </test-method> <!-- testEcap -->
      </class> <!-- com.seleniums.tests.selenium.EcapSearchTest -->
    </test> <!-- Default test -->
  </suite> <!-- Default suite -->
</testng-results>
