<?xml version="1.0" encoding="UTF-8"?>
<testng-results ignored="0" total="3" passed="3" failed="0" skipped="0">
  <reporter-output>
  </reporter-output>
  <suite started-at="2025-07-10T21:50:33 IST" name="CrossBrowserSuite" finished-at="2025-07-10T21:50:46 IST" duration-ms="12448">
    <groups>
    </groups>
    <test started-at="2025-07-10T21:50:33 IST" name="EdgeTest" finished-at="2025-07-10T21:50:41 IST" duration-ms="8032">
      <class name="com.seleniums.tests.selenium.SauceDemoTest">
        <test-method is-config="true" signature="setUp(java.lang.String)[pri:0, instance:com.seleniums.tests.selenium.SauceDemoTest@461ad730]" started-at="2025-07-10T21:50:33 IST" name="setUp" finished-at="2025-07-10T21:50:37 IST" duration-ms="3522" status="PASS">
          <params>
            <param index="0">
              <value>
                <![CDATA[edge]]>
              </value>
            </param>
          </params>
          <reporter-output>
          </reporter-output>
        </test-method> <!-- setUp -->
        <test-method signature="openSauceDemo()[pri:0, instance:com.seleniums.tests.selenium.SauceDemoTest@461ad730]" started-at="2025-07-10T21:50:37 IST" name="openSauceDemo" description="verify title in multiple browsers " finished-at="2025-07-10T21:50:40 IST" duration-ms="3240" status="PASS">
          <reporter-output>
          </reporter-output>
        </test-method> <!-- openSauceDemo -->
        <test-method is-config="true" signature="tearDown()[pri:0, instance:com.seleniums.tests.selenium.SauceDemoTest@461ad730]" started-at="2025-07-10T21:50:40 IST" name="tearDown" finished-at="2025-07-10T21:50:41 IST" duration-ms="1005" status="PASS">
          <reporter-output>
          </reporter-output>
        </test-method> <!-- tearDown -->
      </class> <!-- com.seleniums.tests.selenium.SauceDemoTest -->
    </test> <!-- EdgeTest -->
    <test started-at="2025-07-10T21:50:33 IST" name="ChromeTest" finished-at="2025-07-10T21:50:41 IST" duration-ms="8187">
      <class name="com.seleniums.tests.selenium.SauceDemoTest">
        <test-method is-config="true" signature="setUp(java.lang.String)[pri:0, instance:com.seleniums.tests.selenium.SauceDemoTest@23f5b5dc]" started-at="2025-07-10T21:50:33 IST" name="setUp" finished-at="2025-07-10T21:50:37 IST" duration-ms="3548" status="PASS">
          <params>
            <param index="0">
              <value>
                <![CDATA[chrome]]>
              </value>
            </param>
          </params>
          <reporter-output>
          </reporter-output>
        </test-method> <!-- setUp -->
        <test-method signature="openSauceDemo()[pri:0, instance:com.seleniums.tests.selenium.SauceDemoTest@23f5b5dc]" started-at="2025-07-10T21:50:37 IST" name="openSauceDemo" description="verify title in multiple browsers " finished-at="2025-07-10T21:50:41 IST" duration-ms="3795" status="PASS">
          <reporter-output>
          </reporter-output>
        </test-method> <!-- openSauceDemo -->
        <test-method is-config="true" signature="tearDown()[pri:0, instance:com.seleniums.tests.selenium.SauceDemoTest@23f5b5dc]" started-at="2025-07-10T21:50:41 IST" name="tearDown" finished-at="2025-07-10T21:50:41 IST" duration-ms="668" status="PASS">
          <reporter-output>
          </reporter-output>
        </test-method> <!-- tearDown -->
      </class> <!-- com.seleniums.tests.selenium.SauceDemoTest -->
    </test> <!-- ChromeTest -->
    <test started-at="2025-07-10T21:50:33 IST" name="FirefoxTest" finished-at="2025-07-10T21:50:46 IST" duration-ms="12448">
      <class name="com.seleniums.tests.selenium.SauceDemoTest">
        <test-method is-config="true" signature="setUp(java.lang.String)[pri:0, instance:com.seleniums.tests.selenium.SauceDemoTest@10289886]" started-at="2025-07-10T21:50:33 IST" name="setUp" finished-at="2025-07-10T21:50:43 IST" duration-ms="9267" status="PASS">
          <params>
            <param index="0">
              <value>
                <![CDATA[firefox]]>
              </value>
            </param>
          </params>
          <reporter-output>
          </reporter-output>
        </test-method> <!-- setUp -->
        <test-method signature="openSauceDemo()[pri:0, instance:com.seleniums.tests.selenium.SauceDemoTest@10289886]" started-at="2025-07-10T21:50:43 IST" name="openSauceDemo" description="verify title in multiple browsers " finished-at="2025-07-10T21:50:45 IST" duration-ms="2166" status="PASS">
          <reporter-output>
          </reporter-output>
        </test-method> <!-- openSauceDemo -->
        <test-method is-config="true" signature="tearDown()[pri:0, instance:com.seleniums.tests.selenium.SauceDemoTest@10289886]" started-at="2025-07-10T21:50:45 IST" name="tearDown" finished-at="2025-07-10T21:50:46 IST" duration-ms="933" status="PASS">
          <reporter-output>
          </reporter-output>
        </test-method> <!-- tearDown -->
      </class> <!-- com.seleniums.tests.selenium.SauceDemoTest -->
    </test> <!-- FirefoxTest -->
  </suite> <!-- CrossBrowserSuite -->
</testng-results>
